[    0.000000] Linux version 4.15.0-58-generic (buildd@lcy01-amd64-013) (gcc version 7.4.0 (Ubuntu 7.4.0-1ubuntu1~18.04.1)) #64-Ubuntu SMP Tue Aug 6 11:12:41 UTC 2019 (Ubuntu 4.15.0-58.64-generic 4.15.18)
[    0.000000] Command line: BOOT_IMAGE=/boot/vmlinuz-4.15.0-58-generic root=LABEL=cloudimg-rootfs ro console=tty1 console=ttyS0
[    0.000000] KERNEL supported cpus:
[    0.000000]   Intel GenuineIntel
[    0.000000]   AMD AuthenticAMD
[    0.000000]   Centaur CentaurHauls
[    0.000000] x86/fpu: Supporting XSAVE feature 0x001: 'x87 floating point registers'
[    0.000000] x86/fpu: Supporting XSAVE feature 0x002: 'SSE registers'
[    0.000000] x86/fpu: Supporting XSAVE feature 0x004: 'AVX registers'
[    0.000000] x86/fpu: xstate_offset[2]:  576, xstate_sizes[2]:  256
[    0.000000] x86/fpu: Enabled xstate features 0x7, context size is 832 bytes, using 'standard' format.
[    0.000000] e820: BIOS-provided physical RAM map:
[    0.000000] BIOS-e820: [mem 0x0000000000000000-0x000000000009fbff] usable
[    0.000000] BIOS-e820: [mem 0x000000000009fc00-0x000000000009ffff] reserved
[    0.000000] BIOS-e820: [mem 0x00000000000f0000-0x00000000000fffff] reserved
[    0.000000] BIOS-e820: [mem 0x0000000000100000-0x000000007ffeffff] usable
[    0.000000] BIOS-e820: [mem 0x000000007fff0000-0x000000007fffffff] ACPI data
[    0.000000] BIOS-e820: [mem 0x00000000fec00000-0x00000000fec00fff] reserved
[    0.000000] BIOS-e820: [mem 0x00000000fee00000-0x00000000fee00fff] reserved
[    0.000000] BIOS-e820: [mem 0x00000000fffc0000-0x00000000ffffffff] reserved
[    0.000000] NX (Execute Disable) protection: active
[    0.000000] SMBIOS 2.5 present.
[    0.000000] DMI: innotek GmbH VirtualBox/VirtualBox, BIOS VirtualBox 12/01/2006
[    0.000000] Hypervisor detected: KVM
[    0.000000] e820: last_pfn = 0x7fff0 max_arch_pfn = 0x400000000
[    0.000000] MTRR: Disabled
[    0.000000] x86/PAT: MTRRs disabled, skipping PAT initialization too.
[    0.000000] CPU MTRRs all blank - virtualized system.
[    0.000000] x86/PAT: Configuration [0-7]: WB  WT  UC- UC  WB  WT  UC- UC  
[    0.000000] found SMP MP-table at [mem 0x0009fff0-0x0009ffff] mapped at [        (ptrval)]
[    0.000000] Scanning 1 areas for low memory corruption
[    0.000000] RAMDISK: [mem 0x35a8f000-0x36d3efff]
[    0.000000] ACPI: Early table checksum verification disabled
[    0.000000] ACPI: RSDP 0x00000000000E0000 000024 (v02 VBOX  )
[    0.000000] ACPI: XSDT 0x000000007FFF0030 00003C (v01 VBOX   VBOXXSDT 00000001 ASL  00000061)
[    0.000000] ACPI: FACP 0x000000007FFF00F0 0000F4 (v04 VBOX   VBOXFACP 00000001 ASL  00000061)
[    0.000000] ACPI: DSDT 0x000000007FFF0470 0021FF (v02 VBOX   VBOXBIOS 00000002 INTL 20100528)
[    0.000000] ACPI: FACS 0x000000007FFF0200 000040
[    0.000000] ACPI: FACS 0x000000007FFF0200 000040
[    0.000000] ACPI: APIC 0x000000007FFF0240 00005C (v02 VBOX   VBOXAPIC 00000001 ASL  00000061)
[    0.000000] ACPI: SSDT 0x000000007FFF02A0 0001CC (v01 VBOX   VBOXCPUT 00000002 INTL 20100528)
[    0.000000] No NUMA configuration found
[    0.000000] Faking a node at [mem 0x0000000000000000-0x000000007ffeffff]
[    0.000000] NODE_DATA(0) allocated [mem 0x7ffc5000-0x7ffeffff]
[    0.000000] kvm-clock: cpu 0, msr 0:7ff44001, primary cpu clock
[    0.000000] kvm-clock: Using msrs 4b564d01 and 4b564d00
[    0.000000] kvm-clock: using sched offset of 4092116849 cycles
[    0.000000] clocksource: kvm-clock: mask: 0xffffffffffffffff max_cycles: 0x1cd42e4dffb, max_idle_ns: 881590591483 ns
[    0.000000] Zone ranges:
[    0.000000]   DMA      [mem 0x0000000000001000-0x0000000000ffffff]
[    0.000000]   DMA32    [mem 0x0000000001000000-0x000000007ffeffff]
[    0.000000]   Normal   empty
[    0.000000]   Device   empty
[    0.000000] Movable zone start for each node
[    0.000000] Early memory node ranges
[    0.000000]   node   0: [mem 0x0000000000001000-0x000000000009efff]
[    0.000000]   node   0: [mem 0x0000000000100000-0x000000007ffeffff]
[    0.000000] Reserved but unavailable: 98 pages
[    0.000000] Initmem setup node 0 [mem 0x0000000000001000-0x000000007ffeffff]
[    0.000000] ACPI: PM-Timer IO Port: 0x4008
[    0.000000] IOAPIC[0]: apic_id 2, version 32, address 0xfec00000, GSI 0-23
[    0.000000] ACPI: INT_SRC_OVR (bus 0 bus_irq 0 global_irq 2 dfl dfl)
[    0.000000] ACPI: INT_SRC_OVR (bus 0 bus_irq 9 global_irq 9 low level)
[    0.000000] Using ACPI (MADT) for SMP configuration information
[    0.000000] smpboot: Allowing 2 CPUs, 0 hotplug CPUs
[    0.000000] PM: Registered nosave memory: [mem 0x00000000-0x00000fff]
[    0.000000] PM: Registered nosave memory: [mem 0x0009f000-0x0009ffff]
[    0.000000] PM: Registered nosave memory: [mem 0x000a0000-0x000effff]
[    0.000000] PM: Registered nosave memory: [mem 0x000f0000-0x000fffff]
[    0.000000] e820: [mem 0x80000000-0xfebfffff] available for PCI devices
[    0.000000] Booting paravirtualized kernel on KVM
[    0.000000] clocksource: refined-jiffies: mask: 0xffffffff max_cycles: 0xffffffff, max_idle_ns: 7645519600211568 ns
[    0.000000] random: get_random_bytes called from start_kernel+0x99/0x4fd with crng_init=0
[    0.000000] setup_percpu: NR_CPUS:8192 nr_cpumask_bits:2 nr_cpu_ids:2 nr_node_ids:1
[    0.000000] percpu: Embedded 46 pages/cpu @        (ptrval) s151552 r8192 d28672 u1048576
[    0.000000] PV qspinlock hash table entries: 256 (order: 0, 4096 bytes)
[    0.000000] Built 1 zonelists, mobility grouping on.  Total pages: 515961
[    0.000000] Policy zone: DMA32
[    0.000000] Kernel command line: BOOT_IMAGE=/boot/vmlinuz-4.15.0-58-generic root=LABEL=cloudimg-rootfs ro console=tty1 console=ttyS0
[    0.000000] Memory: 2015652K/2096696K available (12300K kernel code, 2478K rwdata, 4280K rodata, 2424K init, 2384K bss, 81044K reserved, 0K cma-reserved)
[    0.000000] SLUB: HWalign=64, Order=0-3, MinObjects=0, CPUs=2, Nodes=1
[    0.000000] Kernel/User page tables isolation: enabled
[    0.000000] ftrace: allocating 39243 entries in 154 pages
[    0.004000] Hierarchical RCU implementation.
[    0.004000] 	RCU restricting CPUs from NR_CPUS=8192 to nr_cpu_ids=2.
[    0.004000] 	Tasks RCU enabled.
[    0.004000] RCU: Adjusting geometry for rcu_fanout_leaf=16, nr_cpu_ids=2
[    0.004000] NR_IRQS: 524544, nr_irqs: 440, preallocated irqs: 16
[    0.004000] Console: colour VGA+ 80x25
[    0.004000] console [tty1] enabled
[    0.004000] console [ttyS0] enabled
[    0.004000] ACPI: Core revision 20170831
[    0.004000] ACPI: 2 ACPI AML tables successfully acquired and loaded
[    0.004000] APIC: Switch to symmetric I/O mode setup
[    0.004000] x2apic enabled
[    0.004000] Switched APIC routing to physical x2apic.
[    0.007819] ..TIMER: vector=0x30 apic1=0 pin1=2 apic2=-1 pin2=-1
[    0.008005] tsc: Detected 3591.676 MHz processor
[    0.009205] Calibrating delay loop (skipped) preset value.. 7183.35 BogoMIPS (lpj=14366704)
[    0.010137] pid_max: default: 32768 minimum: 301
[    0.012062] Security Framework initialized
[    0.013301] Yama: becoming mindful.
[    0.014637] AppArmor: AppArmor initialized
[    0.017613] Dentry cache hash table entries: 262144 (order: 9, 2097152 bytes)
[    0.021491] Inode-cache hash table entries: 131072 (order: 8, 1048576 bytes)
[    0.024033] Mount-cache hash table entries: 4096 (order: 3, 32768 bytes)
[    0.028014] Mountpoint-cache hash table entries: 4096 (order: 3, 32768 bytes)
[    0.030138] mce: CPU supports 0 MCE banks
[    0.032027] Last level iTLB entries: 4KB 1024, 2MB 1024, 4MB 1024
[    0.036008] Last level dTLB entries: 4KB 1024, 2MB 1024, 4MB 1024, 1GB 4
[    0.040005] Spectre V1 : Mitigation: usercopy/swapgs barriers and __user pointer sanitization
[    0.044007] Spectre V2 : Mitigation: Full generic retpoline
[    0.048006] Spectre V2 : Spectre v2 / SpectreRSB mitigation: Filling RSB on context switch
[    0.050204] Speculative Store Bypass: Vulnerable
[    0.052055] MDS: Vulnerable: Clear CPU buffers attempted, no microcode
[    0.056307] Freeing SMP alternatives memory: 36K
[    0.064000] smpboot: CPU0: Intel(R) Core(TM) i3-4160 CPU @ 3.60GHz (family: 0x6, model: 0x3c, stepping: 0x3)
[    0.064148] Performance Events: unsupported p6 CPU model 60 no PMU driver, software events only.
[    0.068080] Hierarchical SRCU implementation.
[    0.072709] NMI watchdog: Perf event create on CPU 0 failed with -2
[    0.076002] NMI watchdog: Perf NMI watchdog permanently disabled
[    0.080092] smp: Bringing up secondary CPUs ...
[    0.084173] x86: Booting SMP configuration:
[    0.088007] .... node  #0, CPUs:      #1
[    0.004000] kvm-clock: cpu 1, msr 0:7ff44041, secondary cpu clock
[    0.004000] mce: CPU supports 0 MCE banks
[    0.108032] smp: Brought up 1 node, 2 CPUs
[    0.112011] smpboot: Max logical packages: 1
[    0.116006] smpboot: Total of 2 processors activated (14366.70 BogoMIPS)
[    0.118303] devtmpfs: initialized
[    0.120154] x86/mm: Memory block size: 128MB
[    0.124708] evm: security.selinux
[    0.128010] evm: security.SMACK64
[    0.132006] evm: security.SMACK64EXEC
[    0.136006] evm: security.SMACK64TRANSMUTE
[    0.140005] evm: security.SMACK64MMAP
[    0.141329] evm: security.apparmor
[    0.144005] evm: security.ima
[    0.145052] evm: security.capability
[    0.146440] clocksource: jiffies: mask: 0xffffffff max_cycles: 0xffffffff, max_idle_ns: 7645041785100000 ns
[    0.152008] futex hash table entries: 512 (order: 3, 32768 bytes)
[    0.156123] pinctrl core: initialized pinctrl subsystem
[    0.160249] RTC time:  6:37:25, date: 01/15/20
[    0.164297] NET: Registered protocol family 16
[    0.168245] audit: initializing netlink subsys (disabled)
[    0.170337] audit: type=2000 audit(1579070247.789:1): state=initialized audit_enabled=0 res=1
[    0.176011] cpuidle: using governor ladder
[    0.177110] cpuidle: using governor menu
[    0.178264] ACPI: bus type PCI registered
[    0.180004] acpiphp: ACPI Hot Plug PCI Controller Driver version: 0.5
[    0.181793] PCI: Using configuration type 1 for base access
[    0.188064] HugeTLB registered 2.00 MiB page size, pre-allocated 0 pages
[    0.196215] ACPI: Added _OSI(Module Device)
[    0.200019] ACPI: Added _OSI(Processor Device)
[    0.201439] ACPI: Added _OSI(3.0 _SCP Extensions)
[    0.204004] ACPI: Added _OSI(Processor Aggregator Device)
[    0.205388] ACPI: Added _OSI(Linux-Dell-Video)
[    0.206549] ACPI: Added _OSI(Linux-Lenovo-NV-HDMI-Audio)
[    0.208003] ACPI: Added _OSI(Linux-HPI-Hybrid-Graphics)
[    0.209760] ACPI: Executed 1 blocks of module-level executable AML code
[    0.223743] ACPI: Interpreter enabled
[    0.224045] ACPI: (supports S0 S5)
[    0.225045] ACPI: Using IOAPIC for interrupt routing
[    0.228757] PCI: Using host bridge windows from ACPI; if necessary, use "pci=nocrs" and report a bug
[    0.232381] ACPI: Enabled 2 GPEs in block 00 to 07
[    0.251014] ACPI: PCI Root Bridge [PCI0] (domain 0000 [bus 00-ff])
[    0.252018] acpi PNP0A03:00: _OSC: OS supports [ASPM ClockPM Segments MSI]
[    0.256065] acpi PNP0A03:00: _OSC: not requesting OS control; OS requires [ExtendedConfig ASPM ClockPM MSI]
[    0.258504] acpi PNP0A03:00: fail to add MMCONFIG information, can't access extended PCI configuration space under this bridge.
[    0.260701] PCI host bridge to bus 0000:00
[    0.264010] pci_bus 0000:00: root bus resource [io  0x0000-0x0cf7 window]
[    0.268005] pci_bus 0000:00: root bus resource [io  0x0d00-0xffff window]
[    0.269668] pci_bus 0000:00: root bus resource [mem 0x000a0000-0x000bffff window]
[    0.272011] pci_bus 0000:00: root bus resource [mem 0x80000000-0xfdffffff window]
[    0.276014] pci_bus 0000:00: root bus resource [bus 00-ff]
[    0.287531] pci 0000:00:01.1: legacy IDE quirk: reg 0x10: [io  0x01f0-0x01f7]
[    0.288019] pci 0000:00:01.1: legacy IDE quirk: reg 0x14: [io  0x03f6]
[    0.292010] pci 0000:00:01.1: legacy IDE quirk: reg 0x18: [io  0x0170-0x0177]
[    0.296012] pci 0000:00:01.1: legacy IDE quirk: reg 0x1c: [io  0x0376]
[    0.335898] pci 0000:00:07.0: quirk: [io  0x4000-0x403f] claimed by PIIX4 ACPI
[    0.336027] pci 0000:00:07.0: quirk: [io  0x4100-0x410f] claimed by PIIX4 SMB
[    0.369912] ACPI: PCI Interrupt Link [LNKA] (IRQs 5 9 10 *11)
[    0.376540] ACPI: PCI Interrupt Link [LNKB] (IRQs 5 9 *10 11)
[    0.380286] ACPI: PCI Interrupt Link [LNKC] (IRQs 5 *9 10 11)
[    0.382049] ACPI: PCI Interrupt Link [LNKD] (IRQs 5 9 10 *11)
[    0.384490] SCSI subsystem initialized
[    0.387708] pci 0000:00:02.0: vgaarb: setting as boot VGA device
[    0.388000] pci 0000:00:02.0: vgaarb: VGA device added: decodes=io+mem,owns=io+mem,locks=none
[    0.388011] pci 0000:00:02.0: vgaarb: bridge control possible
[    0.392003] vgaarb: loaded
[    0.392849] ACPI: bus type USB registered
[    0.393947] usbcore: registered new interface driver usbfs
[    0.396020] usbcore: registered new interface driver hub
[    0.397393] usbcore: registered new device driver usb
[    0.398769] EDAC MC: Ver: 3.0.0
[    0.400399] PCI: Using ACPI for IRQ routing
[    0.404425] NetLabel: Initializing
[    0.405375] NetLabel:  domain hash size = 128
[    0.408002] NetLabel:  protocols = UNLABELED CIPSOv4 CALIPSO
[    0.409431] NetLabel:  unlabeled traffic allowed by default
[    0.410875] clocksource: Switched to clocksource kvm-clock
[    0.470082] VFS: Disk quotas dquot_6.6.0
[    0.472902] VFS: Dquot-cache hash table entries: 512 (order 0, 4096 bytes)
[  07410 AArorAprmor Filesystem Enabled
[   0.891120] pnp: PnP ACPI init
[   0.928052] pnp: PnP ACPI: found 3 devices

[   .95682] clocksource: acpi_pm: mask: 0xffffff max_cycles: 0xffffff, max_idle_ns: 2085701024 ns
[    1.090720] NET: Registered protocol family 2
[    1.092528] TCP established hash table entries: 16384 (order: 5, 131072 bytes)
[    1.0020TCbi hshtaleenris:1684orr:6,262144 bytes)
[  18324 TCP: Hash tables configured (established 16384 bind 16384)

[    2.030269] UDP hash table entries: 1024 (order: 3, 32768 bytes)
[    2.032839] UDP-Lite hash table entries: 1024 (order: 3, 32768 bytes)
[    2.035114] NET: Registered protocol family 1
[    2.044256] pci 0000:00:00.0: Limiting direct PCI/PCI transfers
[    2.050109] pci 0000:00:01.0: Activating ISA DMA hang workarounds
[   .052893] pi 00:0:0.0Vio vie it sadwe R a[mm 000c0000-0x000dffff]
[    2.918322] Unpacking initramfs...

[  34807Frin itrd memory: 19136K
[  371193]clcksource: tsc: mask: 0xffffffffffffffff max_cycle: 0x33c59c1fba4, max_idle_ns: 440795236514 ns
[    4.166910] platform rtc_cmos: reisteredpltfrm RTC device (no PNP device found)
[    4.300584] Scanning for low memory orupio ery0 cos
[    4.729440] Initialise system trusted keyrings
[    4.736543] Key type blacklist registered
[    4.745468] workingset: timestamp_bits=36 max_order=19 bucket_order=0
[    4.749916] zbud: loaded
[    4.755788] squashfs: version 4.0 (2009/01/31) Phillip Lougher
[    4.762496] fuse init (API version 7.26)
[    4.773597] Key type asymmetric registered
[    4.779538] Asymmetric key parser 'x509' registered
[    4.780913] Block layer SCSI generic (bsg) driver version 0.4 loaded (major 246)
[    4.798111] io scheduler noop registered
[    4.799438] io scheduler deadline registered
[    4.810351] io scheduler cfq registered (default)
[    4.815543] ACPI: AC Adapter [AC] (on-line)
[    4.828250] input: Power Button as /devices/LNXSYSTM:00/LNXPWRBN:00/input/input0
[    4.834046] ACPI: Power Button [PWRF]
[    4.840148] input: Sleep Button as /devices/LNXSYSTM:00/LNXSLPBN:00/input/input1
[    4.842100] ACPI: Sleep Button [SLPF]
[    4.845194] Serial: 8250/16550 driver, 32 ports, IRQ sharing enabled
[    4.886505] 00:02: ttyS0 at I/O 0x3f8 (irq = 4, base_baud = 115200) is a 16550A
[    4.900089] Linux agpgart interface v0.103
[    4.910329] loop: module loaded
[    4.918276] scsi host0: ata_piix
[    4.919677] scsi host1: ata_piix
[    4.921095] ata1: PATA max UDMA/33 cmd 0x1f0 ctl 0x3f6 bmdma 0xd000 irq 14
[    4.929351] ata2: PATA max UDMA/33 cmd 0x170 ctl 0x376 bmdma 0xd008 irq 15
[    4.931183] libphy: Fixed MDIO Bus: probed
[    4.960872] tun: Universal TUN/TAP device driver, 1.6
[    4.962317] PPP generic driver version 2.4.2
[    4.963565] ehci_hcd: USB 2.0 'Enhanced' Host Controller (EHCI) Driver
[    5.017114] ehci-pci: EHCI PCI platform driver
[    5.018925] ehci-platform: EHCI generic platform driver
[    5.025434] ohci_hcd: USB 1.1 'Open' Host Controller (OHCI) Driver
[    5.050713] ohci-pci: OHCI PCI platform driver
[    5.062753] ohci-platform: OHCI generic platform driver
[    5.064109] uhci_hcd: USB Universal Host Controller Interface driver
[    5.066225] i8042: PNP: PS/2 Controller [PNP0303:PS2K,PNP0f03:PS2M] at 0x60,0x64 irq 1,12
[    5.099173] serio: i8042 KBD port at 0x60,0x64 irq 1
[    5.109285] serio: i8042 AUX port at 0x60,0x64 irq 12
[    5.122291] mousedev: PS/2 mouse device common for all mice
[    5.139094] input: AT Translated Set 2 keyboard as /devices/platform/i8042/serio0/input/input2
[    5.144659] rtc_cmos rtc_cmos: rtc core: registered rtc_cmos as rtc0
[    5.174354] rtc_cmos rtc_cmos: alarms up to one day, 114 bytes nvram
[    5.175939] i2c /dev entries driver
[    5.177013] device-mapper: uevent: version 1.0.3
[    5.178389] device-mapper: ioctl: 4.37.0-ioctl (2017-09-20) initialised: dm-devel@redhat.com
[    5.180647] ledtrig-cpu: registered to indicate activity on CPUs
[    5.183167] NET: Registered protocol family 10
[    5.198132] Segment Routing with IPv6
[    5.199500] NET: Registered protocol family 17
[    5.206852] Key type dns_resolver registered
[    5.208400] RAS: Correctable Errors collector initialized.
[    5.209797] sched_clock: Marking stable (5208276804, 0)->(8977062016, -3768785212)
[    5.212466] registered taskstats version 1
[    5.213580] Loading compiled-in X.509 certificates
[    5.219101] Loaded X.509 cert 'Build time autogenerated kernel key: e343dd3e31c9820cf0adf0156bc2eecdcfc394af'
[    5.231095] zswap: loaded using pool lzo/zbud
[    5.242541] Key type big_key registered
[    5.245489] Key type trusted registered
[    5.261226] Key type encrypted registered
[    5.265141] AppArmor: AppArmor sha1 policy hashing enabled
[    5.267204] ima: No TPM chip found, activating TPM-bypass! (rc=-19)
[    5.277712] ima: Allocated hash algorithm: sha1
[    5.279311] evm: HMAC attrs: 0x1
[    5.280929]   Magic number: 4:311:620
[    5.282553] rtc_cmos rtc_cmos: setting system clock to 2020-01-15 06:37:31 UTC (1579070251)
[    5.291578] BIOS EDD facility v0.16 2004-Jun-25, 0 devices found
[    5.293619] EDD information not available.
[    5.306035] Freeing unused kernel image memory: 2424K
[    5.336481] Write protecting the kernel read-only data: 20480k
[    5.347553] Freeing unused kernel image memory: 2008K
[    5.349970] Freeing unused kernel image memory: 1864K
[    5.382599] x86/mm: Checked W+X mappings: passed, no W+X pages found.
[    5.390411] x86/mm: Checking user space page tables
[    5.420970] x86/mm: Checked W+X mappings: passed, no W+X pages found.
Loading, please wait...
starting version 237
[    5.565523] e1000: Intel(R) PRO/1000 Network Driver - version 7.3.21-k8-NAPI
[    5.567839] e1000: Copyright (c) 1999-2006 Intel Corporation.
[    5.582012] Fusion MPT base driver 3.04.20
[    5.590503] Copyright (c) 1999-2008 LSI Corporation
[    5.599589] AVX2 version of gcm_enc/dec engaged.
[    5.607354] AES CTR mode by8 optimization enabled
[    5.631773] Fusion MPT SPI Host driver 3.04.20
[    5.801176] input: ImExPS/2 Generic Explorer Mouse as /devices/platform/i8042/serio1/input/input4
[    6.051413] e1000 0000:00:03.0 eth0: (PCI:33MHz:32-bit) 02:cc:50:df:d9:b9
[    8.082092] e1000 0000:00:03.0 eth0: Intel(R) PRO/1000 Network Connection
[    9.116787] e1000 0000:00:08.0 eth1: (PCI:33MHz:32-bit) 08:00:27:4f:f7:2e
[    9.119945] e1000 0000:00:08.0 eth1: Intel(R) PRO/1000 Network Connection
[    9.140538] e1000 0000:00:03.0 enp0s3: renamed from eth0
[    9.141354] mptbase: ioc0: Initiating bringup
[    9.185273] e1000 0000:00:08.0 enp0s8: renamed from eth1
[    9.256642] ioc0: LSI53C1030 A0: Capabilities={Initiator}
[   11.155650] scsi host2: ioc0: LSI53C1030 A0, FwRev=00000000h, Ports=1, MaxQ=256, IRQ=20
[   13.100744] scsi 2:0:0:0: Direct-Access     VBOX     HARDDISK         1.0  PQ: 0 ANSI: 5
[   13.133400] scsi target2:0:0: Beginning Domain Validation
[   13.158713] scsi target2:0:0: Domain Validation skipping write tests
[   13.160297] scsi target2:0:0: Ending Domain Validation
[   13.161825] scsi target2:0:0: asynchronous
[   13.163744] scsi 2:0:1:0: Direct-Access     VBOX     HARDDISK         1.0  PQ: 0 ANSI: 5
[   13.196361] scsi target2:0:1: Beginning Domain Validation
[   13.227066] random: fast init done
[   13.695046] scsi target2:0:1: Domain Validation skipping write tests
[   13.696636] scsi target2:0:1: Ending Domain Validation
[   13.705462] scsi target2:0:1: asynchronous
[   13.712954] random: systemd-udevd: uninitialized urandom read (16 bytes read)
[   13.713173] sd 2:0:0:0: Attached scsi generic sg0 type 0
[   13.716747] random: systemd-udevd: uninitialized urandom read (16 bytes read)
[   13.726933] sd 2:0:1:0: Attached scsi generic sg1 type 0
[   13.740808] sd 2:0:0:0: [sda] 20971520 512-byte logical blocks: (10.7 GB/10.0 GiB)
[   13.741087] sd 2:0:0:0: [sda] Write Protect is off
[   13.756101] random: systemd-udevd: uninitialized urandom read (16 bytes read)
[   13.776681] sd 2:0:0:0: [sda] Incomplete mode parameter data
[   13.783756] sd 2:0:0:0: [sda] Assuming drive cache: write through
[   13.784560] sd 2:0:1:0: [sdb] 20480 512-byte logical blocks: (10.5 MB/10.0 MiB)
[   13.835505] sd 2:0:1:0: [sdb] Write Protect is off
[   13.836297]  sda: sda1
[   13.855292] sd 2:0:1:0: [sdb] Incomplete mode parameter data
[   13.856253] sd 2:0:0:0: [sda] Attached SCSI disk
[   13.885046] sd 2:0:1:0: [sdb] Assuming drive cache: write through
[   13.896260] sd 2:0:1:0: [sdb] Attached SCSI disk
Begin: Loading essential drivers ... [   16.096217] raid6: sse2x1   gen()  2978 MB/s
[   16.144125] raid6: sse2x1   xor()  1863 MB/s
[   16.204111] raid6: sse2x2   gen()  6272 MB/s
[   16.256356] raid6: sse2x2   xor()  2627 MB/s
[   16.306113] raid6: sse2x4   gen()  3406 MB/s
[   16.372039] raid6: sse2x4   xor()  2672 MB/s
[   16.425061] raid6: avx2x1   gen()  3134 MB/s
[   16.472171] raid6: avx2x1   xor()  2664 MB/s
[   16.524087] raid6: avx2x2   gen() 11038 MB/s
[   16.572180] raid6: avx2x2   xor()  5714 MB/s
[   16.628290] raid6: avx2x4   gen() 14959 MB/s
[   16.696145] raid6: avx2x4   xor()  8441 MB/s
[   16.703897] raid6: using algorithm avx2x4 gen() 14959 MB/s
[   16.721265] raid6: .... xor() 8441 MB/s, rmw enabled
[   16.722613] raid6: using avx2x2 recovery algorithm
[   16.725802] xor: automatically using best checksumming function   avx       
[   16.738863] async_tx: api initialized (async)
done.
Begin: Running /scripts/init-premount ... done.
Begin: Mounting root file system ... Begin: Running /scripts/local-top ... done.
Begin: Running /scripts/local-premount ... [   16.826353] Btrfs loaded, crc32c=crc32c-intel
Scanning for Btrfs filesystems
done.
Warning: fsck not present, so skipping root file[   16.894200] EXT4-fs (sda1): mounted filesystem with ordered data mode. Opts: (null)
 system
done.
Begin: Running /scripts/local-bottom ... done.
Begin: Running /scripts/init-bottom ... done.
[   18.400539] ip_tables: (C) 2000-2006 Netfilter Core Team
[   18.423480] systemd[1]: systemd 237 running in system mode. (+PAM +AUDIT +SELINUX +IMA +APPARMOR +SMACK +SYSVINIT +UTMP +LIBCRYPTSETUP +GCRYPT +GNUTLS +ACL +XZ +LZ4 +SECCOMP +BLKID +ELFUTILS +KMOD -IDN2 +IDN -PCRE2 default-hierarchy=hybrid)
[   18.896716] systemd[1]: Detected virtualization oracle.
[   18.908918] systemd[1]: Detected architecture x86-64.

Welcome to [1mUbuntu 18.04.3 LTS[0m!

[   18.932661] systemd[1]: Set hostname to <ubuntu-bionic>.
[   19.645247] systemd[1]: Reached target System Time Synchronized.
[[0;32m  OK  [0m] Reached target System Time Synchronized.
[   19.658190] systemd[1]: Started Forward Password Requests to Wall Directory Watch.
[[0;32m  OK  [0m] Started Forward Password Requests to Wall Directory Watch.
[   19.666149] systemd[1]: Set up automount Arbitrary Executable File Formats File System Automount Point.
[[0;32m  OK  [0m] Set up automount Arbitrary Executab…rmats File System Automount Point.
[   19.677807] systemd[1]: Reached target User and Group Name Lookups.
[[0;32m  OK  [0m] Reached target User and Group Name Lookups.
[   19.693924] systemd[1]: Created slice User and Session Slice.
[[0;32m  OK  [0m] Created slice User and Session Slice.
[   19.707167] systemd[1]: Reached target Swap.
[[0;32m  OK  [0m] Reached target Swap.
[[0;32m  OK  [0m] Created slice System Slice.
[[0;32m  OK  [0m] Created slice system-serial\x2dgetty.slice.
[[0;32m  OK  [0m] Listening on udev Kernel Socket.
[[0;32m  OK  [0m] Listening on LVM2 metadata daemon socket.
[[0;32m  OK  [0m] Listening on Network Service Netlink Socket.
[[0;32m  OK  [0m] Listening on Device-mapper event daemon FIFOs.
[[0;32m  OK  [0m] Listening on Syslog Socket.
[[0;32m  OK  [0m] Reached target Slices.
[[0;32m  OK  [0m] Listening on Journal Socket (/dev/log).
[[0;32m  OK  [0m] Listening on Journal Socket.
         Starting Uncomplicated firewall...
         Starting Load Kernel Modules...
         Starting Monitoring of LVM2 mirrors…ng dmeventd or progress polling...
[   19.885613] Loading iSCSI transport class v2.0-870.
         Starting Remount Root and Kernel File Systems...
         Mounting Kernel Debug File System...
         Starting Create list of required st…ce nodes for the current kernel...
[[0;32m  OK  [0m] Listening on udev Control Socket.
         Starting udev Coldplug all Devices...
[[0;32m  OK  [0[   19.974273] iscsi: registered transport (tcp)
m] Listening on [   20.019185] EXT4-fs (sda1): re-mounted. Opts: (null)
Journal Audit Socket.
         Starting Journal Service...
[[0;32m  OK  [0m] Listening on /de[   20.068613] iscsi: registered transport (iser)
v/initctl Compatibility Named Pipe.
         Mounting POSIX Message Queue File System...
         Mounting Huge Pages File System...
         Starting Set the console keyboard layout...
[[0;32m  OK  [0m] Listening on LVM2 poll daemon socket.
[[0;32m  OK  [0m] Started Uncomplicated firewall.
[[0;32m  OK  [0m] Started Load Kernel Modules.
[[0;32m  OK  [0m] Started Remount Root and Kernel File Systems.
[[0;32m  OK  [0m] Started Journal Service.
[[0;32m  OK  [0m] Mounted Kernel Debug File System.
[[0;32m  OK  [0m] Started Create list of required sta…vice nodes for the current kernel.
[[0;32m  OK  [0m] Mounted POSIX Message Queue File System.
[[0;32m  OK  [0m] Mounted Huge Pages File System.
[[0;32m  OK  [0m] Started LVM2 metadata daemon.
         Starting Create Static Device Nodes in /dev...
         Starting Load/Save Random Seed...
         Starting Flush Journal to Persistent Storage...
         Mounting FUSE Control File System...
         Starting Apply Kernel Variables...
         Mounting Kernel Configuration File System...
[[0;32m  OK  [0m] Started Monitoring of LVM2 mirrors,…sing dmeventd or progress polling.
[[0;32m  OK  [0m] Started udev Coldplug all Devices.
[[0;32m  OK  [0m] Started Create Static Device Nodes in /dev.
[[0;32m  OK  [0m] Started Load/Save Random Seed.
[[0;32m  OK  [0m] Mounted FUSE Control File System.
[[0;32m  OK  [0m] Started Apply Kernel Variables.
[[0;32m  OK  [0m] Mounted Kernel Configuration File System.
         Starting udev Kernel Device Manager...
[[0;32m  OK  [0m] Started Flush Journal to Persistent Storage.
[[0;32m  OK  [0m] Started udev Kernel Device Manager.
[[0;32m  OK  [0m] Found device /dev/ttyS0.
[[0;32m  OK  [0m] Listening on Load/Save RF Kill Switch Status /dev/rfkill Watch.
[[0;32m  OK  [0m] Started Set the console keyboard layout.
[[0;32m  OK  [0m] Started Dispatch Password Requests to Console Directory Watch.
[[0;32m  OK  [0m] Reached target Local Encrypted Volumes.
[[0;32m  OK  [0m] Reached target Local File Systems (Pre).
[[0;32m  OK  [0m] Reached target Local File Systems.
         Starting Create Volatile Files and Directories...
         Starting Tell Plymouth To Write Out Runtime Data...
         Starting ebtables ruleset management...
         Starting Set console font and keymap...
         Starting AppArmor initialization...
[[0;32m  OK  [0m] Started Tell Plymouth To Write Out Runtime Data.
[[0;32m  OK  [0m] Started Set console font and keymap.
[[0;32m  OK  [0m] Started Create Volatile Files and Directories.
         Starting Update UTMP about System Boot/Shutdown...
[[0;32m  OK  [0m] Started Update UTMP about System Boot/Shutdown.
[[0;32m  OK  [0m] Started ebtables ruleset management.
[[0;32m  OK  [0m] Started AppArmor initialization.
         Starting Initial cloud-init job (pre-networking)...
[   24.964105] cloud-init[651]: Cloud-init v. 19.1-1-gbaa47854-0ubuntu1~18.04.1 running 'init-local' at Wed, 15 Jan 2020 06:37:50 +0000. Up 24.63 seconds.
[[0;32m  OK  [0m] Started Initial cloud-init job (pre-networking).
[[0;32m  OK  [0m] Reached target Network (Pre).
         Starting Network Service...
[[0;32m  OK  [0m] Started Network Service.
         Starting Wait for Network to be Configured...
         Starting Network Name Resolution...
[[0;32m  OK  [0m] Started Network Name Resolution.
[[0;32m  OK  [0m] Reached target Network.
[[0;32m  OK  [0m] Reached target Host and Network Name Lookups.
[[0;32m  OK  [0m] Started Wait for Network to be Configured.
         Starting Initial cloud-init job (metadata service crawler)...
[   28.214579] cloud-init[777]: Cloud-init v. 19.1-1-gbaa47854-0ubuntu1~18.04.1 running 'init' at Wed, 15 Jan 2020 06:37:54 +0000. Up 27.91 seconds.
[   28.226002] cloud-init[777]: ci-info: ++++++++++++++++++++++++++++++++++++++Net device info+++++++++++++++++++++++++++++++++++++++
[   28.229780] cloud-init[777]: ci-info: +--------+-------+----------------------------+---------------+--------+-------------------+
[   28.264530] cloud-init[777]: ci-info: | Device |   Up  |          Address           |      Mask     | Scope  |     Hw-Address    |
[   28.266807] cloud-init[777]: ci-info: +--------+-------+----------------------------+---------------+--------+-------------------+
[   28.269639] cloud-init[777]: ci-info: | enp0s3 |  True |         10.0.2.15          | 255.255.255.0 | global | 02:cc:50:df:d9:b9 |
[   28.291789] cloud-init[777]: ci-info: | enp0s3 |  True | fe80::cc:50ff:fedf:d9b9/64 |       .       |  link  | 02:cc:50:df:d9:b9 |
[   28.317826] cloud-init[777]: ci-info: | enp0s8 | False |             .              |       .       |   .    | 08:00:27:4f:f7:2e |
[   28.324917] cloud-init[777]: ci-info: |   lo   |  True |         127.0.0.1          |   255.0.0.0   |  host  |         .         |
[   28.352599] cloud-init[777]: ci-info: |   lo   |  True |          ::1/128           |       .       |  host  |         .         |
[   28.388221] cloud-init[777]: ci-info: +--------+-------+----------------------------+---------------+--------+-------------------+
[   28.439865] cloud-init[777]: ci-info: ++++++++++++++++++++++++++++Route IPv4 info+++++++++++++++++++++++++++++
[   28.484694] cloud-init[777]: ci-info: +-------+-------------+----------+-----------------+-----------+-------+
[[   28.510829] cloud-init[777]: ci-info: | Route | Destination | Gateway  |     Genmask     | Interface | Flags |
[   28.510988] cloud-init[777]: ci-info: +-------+-------------+----------+-----------------+-----------+-------+
[0;32m  OK  [0m] Started Initial cloud-init job (metadata service crawler).
[   28.511153] cloud-init[777]: ci-info: |   0   |   0.0.0.0   | 10.0.2.2 |     0.0.0.0     |   enp0s3  |   UG  |
[[   28.547187] cloud-init[777]: ci-info: |   1   |   10.0.2.0  | 0.0.0.0  |  255.255.255.0  |   enp0s3  |   U   |
[   28.547456] cloud-init[777]: ci-info: |   2   |   10.0.2.2  | 0.0.0.0  | 255.255.255.255 |   enp0s3  |   UH  |
[0;32m  OK  [0m] Reached target Cloud-config availability.
[   28.547589] cloud-init[777]: ci-info: +-------+-------------+----------+-----------------+-----------+-------+
[   28.655869] cloud-init[777]: ci-info: +++++++++++++++++++Route IPv6 info+++++++++++++++++++
[   28.656744] cloud-init[777]: ci-info: +-------+-------------+---------+-----------+-------+
[   28.657225] cloud-init[777]: ci-info: | Route | Destination | Gateway | Interface | Flags |
[   28.657743] cloud-init[777]: ci-info: +-------+-------------+---------+-----------+-------+
[   28.658591] cloud-init[777]: ci-info: |   1   |  fe80::/64  |    ::   |   enp0s3  |   U   |
[   28.659061] cloud-init[777]: ci-info: |   3   |    local    |    ::   |   enp0s3  |   U   |
[   28.659552] cloud-init[777]: ci-info: |   4   |   ff00::/8  |    ::   |   enp0s3  |   U   |
[[0;32m  OK  [0m] Reached target Network is Online.
[   28.660093] cloud-init[777]: ci-info: +-------+-------------+---------+-----------+-------+
[[0;32m  OK  [0m] Reached target Remote File Systems (Pre).
[[0;32m  OK  [0m] Reached target Remote File Systems.
         Starting Availability of block devices...
[[0;32m  OK  [0m] Reached target System Initialization.
         Starting LXD - unix socket.
[[0;32m  OK  [0m] Started Daily apt download activities.
[[0;32m  OK  [0m] Started Daily apt upgrade and clean activities.
[[0;32m  OK  [0m] Listening on Open-iSCSI iscsid Socket.
         Starting Socket activation for snappy daemon.
[[0;32m  OK  [0m] Started Daily Cleanup of Temporary Directories.
[[0;32m  OK  [0m] Listening on UUID daemon activation socket.
[[0;32m  OK  [0m] Started Discard unused blocks once a week.
[[0;32m  OK  [0m] Listening on ACPID Listen Socket.
[[0;32m  OK  [0m] Listening on D-Bus System Message Bus Socket.
[[0;32m  OK  [0m] Started Message of the Day.
[[0;32m  OK  [0m] Reached target Timers.
[[0;32m  OK  [0m] Started ACPI Events Check.
[[0;32m  OK  [0m] Reached target Paths.
[[0;32m  OK  [0m] Started Availability of block devices.
[[0;32m  OK  [0m] Listening on LXD - unix socket.
[[0;32m  OK  [0m] Listening on Socket activation for snappy daemon.
[[0;32m  OK  [0m] Reached target Sockets.
[[0;32m  OK  [0m] Reached target Basic System.
         Starting LSB: automatic crash report generation...
         Starting Snappy daemon...
         Starting Accounts Service...
[[0;32m  OK  [0m] Started FUSE filesystem for LXC.
         Starting LSB: Record successful boot for GRUB...
         Starting LXD - container startup/shutdown...
[[0;32m  OK  [0m] Started Regular background program processing daemon.
[[0;32m  OK  [0m] Started irqbalance daemon.
         Starting Permit User Sessions...
         Starting OpenBSD Secure Shell server...
[[0;32m  OK  [0m] Started D-Bus System Message Bus.
         Starting Login Service...
         Starting System Logging Service...
[[0;32m  OK  [0m] Started Deferred execution scheduler.
         Starting Dispatcher daemon for systemd-networkd...
         Starting vboxadd.service...
[[0;32m  OK  [0m] Started System Logging Service.
[[0;32m  OK  [0m] Started Snappy daemon.
[[0;32m  OK  [0m] Started Permit User Sessions.
[[0;32m  OK  [0m] Started OpenBSD Secure Shell server.
[[0;32m  OK  [0m] Started LXD - container startup/shutdown.
[[0;32m  OK  [0m] Started LSB: automatic crash report generation.
[[0;32m  OK  [0m] Started Login Service.
[[0;32m  OK  [0m] Started LSB: Record successful boot for GRUB.
[[0;32m  OK  [0m] Started Unattended Upgrades Shutdown.
         Starting Authorization Manager...
         Starting Terminate Plymouth Boot Screen...
         Starting Hold until boot process finishes up...
         Starting Wait until snapd is fully seeded...
[[0;32m  OK  [0m] Started Terminate Plymouth Boot Screen.
[[0;32m  OK  [0m] Started Hold until boot process finishes up.
         Starting Set console scheme...
[[0;32m  OK  [0m] Started Serial Getty on ttyS0.
[[0;32m  OK  [0m] Started Set console scheme.
[[0;32m  OK  [0m] Started Authorization Manager.
[[0;32m  OK  [0m] Started Accounts Service.
[[0;32m  OK  [0m] Started vboxadd.service.
         Starting vboxadd-service.service...
[[0;32m  OK  [0m] Created slice User Slice of vagrant.
[[0;32m  OK  [0m] Started Session 1 of user vagrant.
         Starting User Manager for UID 1000...
[[0;32m  OK  [0m] Created slice system-getty.slice.
[[0;32m  OK  [0m] Started Getty on tty1.
[[0;32m  OK  [0m] Reached target Login Prompts.
[[0;32m  OK  [0m] Started Wait until snapd is fully seeded.
         Starting Apply the settings specified in cloud-config...
[[0;32m  OK  [0m] Started vboxadd-service.service.
[[0;32m  OK  [0m] Started Dispatcher daemon for systemd-networkd.
[[0;32m  OK  [0m] Reached target Multi-User System.
[[0;32m  OK  [0m] Reached target Graphical Interface.
         Starting Update UTMP about System Runlevel Changes...
[[0;32m  OK  [0m] Started User Manager for UID 1000.
[[0;32m  OK  [0m] Started Update UTMP about System Runlevel Changes.
[   32.030343] cloud-init[1188]: Cloud-init v. 19.1-1-gbaa47854-0ubuntu1~18.04.1 running 'modules:config' at Wed, 15 Jan 2020 06:37:58 +0000. Up 31.80 seconds.
[[0;32m  OK  [0m] Started Apply the settings specified in cloud-config.
         Starting Execute cloud user/final scripts...
[   33.228473] cloud-init[1288]: Cloud-init v. 19.1-1-gbaa47854-0ubuntu1~18.04.1 running 'modules:final' at Wed, 15 Jan 2020 06:37:59 +0000. Up 32.95 seconds.
[   33.236351] cloud-init[1288]: Cloud-init v. 19.1-1-gbaa47854-0ubuntu1~18.04.1 finished at Wed, 15 Jan 2020 06:37:59 +0000. Datasource DataSourceNoCloud [seed=/dev/sdb][dsmode=net].  Up 33.21 seconds
[[0;32m  OK  [0m] Started Execute cloud user/final scripts.
[[0;32m  OK  [0m] Reached target Cloud-init target.

Ubuntu 18.04.3 LTS ubuntu-bionic ttyS0

ubuntu-bionic login:          Stopping Availability of block devices...
         Stopping Authorization Manager...
[[0;32m  OK  [0m] Stopped target Cloud-init target.
[[0;32m  OK  [0m] Closed Load/Save RF Kill Switch Status /dev/rfkill Watch.
[[0;32m  OK  [0m] Stopped target Host and Network Name Lookups.
[[0;32m  OK  [0m] Stopped target Timers.
[[0;32m  OK  [0m] Stopped Discard unused blocks once a week.
[[0;32m  OK  [0m] Stopped Daily apt upgrade and clean activities.
[[0;32m  OK  [0m] Stopped Daily apt download activities.
[[0;32m  OK  [0m] Stopped Clean PHP session files every 30 mins.
         Stopping User Manager for UID 1000...
         Stopping Daemon for generating UUIDs...
[[0;32m  OK  [0m] Stopped target Graphical Interface.
         Stopping Accounts Service...
[[0;32m  OK  [0m] Stopped Daily Cl         Stopping LXD - container startup/shutdown...
         Stopping Unattended Upgrades Shutdown...
         Stopping FUSE filesystem for LXC...
         Stopping Deferred execution scheduler...
         Stopping OpenBSD Secure Shell server...
         Stopping The PHP 7.4 FastCGI Process Manager...
         Stopping vboxadd-service.service...
[[0;32m  OK  [0m] Stopped PostgreSQL RDBMS.
         Stopping PostgreSQL Cluster 10-main...
         Stopping Dispatcher daemon for systemd-networkd...
         Stopping irqbalance daemon...
[[0;32m  OK  [0m] Stopped Apply the settings specified in cloud-config.
[[0;32m  OK  [0m] Stopped target Network is Online.
[[0;32m  OK  [0m] Stopped target Cloud-config availability.
[[0;32m  OK  [0m] Stopped Wait until snapd is fully seeded.
[[0;32m  OK  [0m] Unmounted /var/lib/lxcfs.
[[0;32m  OK  [0m] Stopped Accounts Service.
[[0;32m  OK  [0m] Stopped Regular background program processing daemon.
[[0;32m  OK  [0m] Stopped irqbalance daemon.
[[0;32m  OK  [0m] Stopped Deferred execution scheduler.
[[0;32m  OK  [0m] Stopped Dispatcher daemon for systemd-networkd.
[[0;32m  OK  [0m] Stopped OpenBSD Secure Shell server.
[[0;32m  OK  [0m] Stopped Authorization Manager.
[[0;32m  OK  [0m] Stopped Serial Getty on ttyS0.
[[0;32m  OK  [0m] Stopped Getty on tty1.
[[0;32m  OK  [0m] Stopped Unattended Upgrades Shutdown.
[[0;32m  OK  [0m] Stopped Daemon for generating UUIDs.
[[0;32m  OK  [0m] Stopped System Logging Service.
[[0;32m  OK  [0m] Stopped User Manager for UID 1000.
[[0;32m  OK  [0m] Stopped The PHP 7.4 FastCGI Process Manager.
[[0;32m  OK  [0m] Stopped Availability of block devices.
[[0;32m  OK  [0m] Stopped D-Bus System Message Bus.
[[0;32m  OK  [0m] Stopped A high performance web server and a reverse proxy server.
[[0;32m  OK  [0m] Stopped FUSE filesystem for LXC.
[[0;32m  OK  [0m] Stopped Session 8 of user vagrant.
[[0;32m  OK  [0m] Removed slice User Slice of vagrant.
         Stopping Login Service...
[[0;32m  OK  [0m] Removed slice system-getty.slice.
[[0;32m  OK  [0m] Removed slice system-serial\x2dgetty.slice.
         Stopping Permit User Sessions...
[[0;32m  OK  [0m] Stopped LSB: Record successful boot for GRUB.
[[0;32m  OK  [0m] Stopped LXD - container startup/shutdown.
[[0;32m  OK  [0m] Stopped Permit User Sessions.
[[0;32m  OK  [0m] Stopped target Network.
         Stopping Network Name Resolution...
[[0;32m  OK  [0m] Stopped Login Service.
[[0;32m  OK  [0m] Stopped Network Name Resolution.
[[0;32m  OK  [0m] Stopped LSB: automatic crash report generation.
[[0;32m  OK  [0m] Stopped target Remote File Systems.
[[0;32m  OK  [0m] Stopped target Remote File Systems (Pre).
         Stopping Network Service...
[[0;32m  OK  [0m] Stopped target User and Group Name Lookups.
[[0;32m  OK  [0m] Stopped PostgreSQL Cluster 10-main.
[[0;32m  OK  [0m] Removed slice system-postgresql.slice.
[[0;32m  OK  [0m] Stopped Network Service.
[[0;32m  OK  [0m] Stopped target Network (Pre).
[[0;32m  OK  [0m] Stopped vboxadd-service.service.
         Stopping vboxadd.service...
[[0;32m  OK  [0m] Unmounted /vagrant.
[[0;32m  OK  [0m] Unmounted /app.
[[0;32m  OK  [0m] Stopped vboxadd.service.
[[0;32m  OK  [0m] Stopped target Basic System.
[[0;32m  OK  [0m] Stopped target Slices.
[[0;32m  OK  [0m] Removed slice User and Session Slice.
[[0;32m  OK  [0m] Stopped target Sockets.
[[0;32m  OK  [0m] Closed Open-iSCSI iscsid Socket.
[[0;32m  OK  [0m] Closed ACPID Listen Socket.
[[0;32m  OK  [0m] Closed Socket activation for snappy daemon.
[[0;32m  OK  [0m] Closed D-Bus System Message Bus Socket.
[[0;32m  OK  [0m] Closed LXD - unix socket.
[[0;32m  OK  [0m] Closed UUID daemon activation socket.
[[0;32m  OK  [0m] Closed Syslog Socket.
[[0;32m  OK  [0m] Stopped target Paths.
[[0;32m  OK  [0m] Stopped ACPI Events Check.
[[0;32m  OK  [0m] Stopped target System Initialization.
         Stopping Load/Save Random Seed...
[[0;32m  OK  [0m] Stopped target Local Encrypted Volumes.
[[0;32m  OK  [0m] Stopped Forward Password Requests to Wall Directory Watch.
[[0;32m  OK  [0m] Stopped Dispatch Password Requests to Console Directory Watch.
         Stopping Update UTMP about System Boot/Shutdown...
[[0;32m  OK  [0m] Stopped Apply Kernel Variables.
[[0;32m  OK  [0m] Stopped Load Kernel Modules.
[[0;32m  OK  [0m] Stopped Initial cloud-init job (metadata service crawler).
[[0;32m  OK  [0m] Stopped Initial cloud-init job (pre-networking).
[[0;32m  OK  [0m] Stopped Load/Save Random Seed.
[[0;32m  OK  [0m] Stopped Update UTMP about System Boot/Shutdown.
[[0;32m  OK  [0m] SSopped Create Volatile Files and Directories.
[[0;32m  OK  [0m] Stopped target Local File Systems.
         Unmounting /run/user/1000...
[[0;32m  OK  [0m] Unmounted /run/user/1000.
[[0;32m  OK  [0m] Reached target Unmount All Filesystems.
[[0;32m  OK  [0m] Stopped target Local File Systems (Pre).
         Stopping Monitoring of LVM2 mirrors…ng dmeventd or progress polling...
[[0;32m  OK  [0m] Stopped Remount Root and Kernel File Systems.
[[0;32m  OK  [0m] Stopped Create Static Device Nodes in /dev.
[[0;32m  OK  [0m] Stopped target Swap.
[[0;32m  OK  [0m] Reached target Shutdown.
[[0;32m  OK  [0m] Reached target Final Step.
         Starting Power-Off...
[[0;32m  OK  [0m] Stopped Monitoring of LVM2 mirrors,…sing dmeventd or progress polling.
         Stopping LVM2 metadata daemon...
[[0;32m  OK  [0m] Stopped LVM2 metadata daemon.
[ 1800.396842] reboot: Power down
